2025-03-13 02:44:04 [INFO]: Received request: GET /projects
2025-03-13 02:44:05 [INFO]: Received request: GET /projects
2025-03-13 02:45:31 [INFO]: Received request: GET /modules?project_name=addressbook
2025-03-13 02:45:34 [INFO]: Received request: POST /run-script
2025-03-13 09:21:22 [INFO]: Received request: GET /projects
2025-03-13 09:21:22 [INFO]: Received request: GET /projects
2025-03-13 09:21:28 [INFO]: Received request: GET /modules?project_name=addressbook
2025-03-13 09:24:06 [INFO]: Received request: GET /projects
2025-03-13 09:24:07 [INFO]: Received request: GET /projects
2025-03-13 09:26:26 [INFO]: Received request: GET /projects
2025-03-13 09:26:26 [INFO]: Received request: GET /projects
2025-03-13 09:26:29 [INFO]: Received request: GET /modules?project_name=addressbook
2025-03-13 09:26:32 [INFO]: Received request: POST /run-script
2025-03-13 09:26:40 [INFO]: Received request: GET /projects
2025-03-13 09:26:41 [INFO]: Received request: GET /projects
2025-03-13 09:27:40 [INFO]: Received request: GET /projects
2025-03-13 09:27:40 [INFO]: Received request: GET /projects
2025-03-13 09:27:40 [INFO]: Received request: GET /modules?project_name=addressbook
2025-03-13 09:27:49 [INFO]: Received request: POST /run-script
2025-03-13 09:32:38 [INFO]: Received request: POST /generate
2025-03-13 09:32:52 [INFO]: Received request: GET /modules?project_name=addressbook
2025-03-13 09:32:58 [INFO]: Received request: POST /generate
2025-03-13 09:32:59 [INFO]: Received request: GET /modules?project_name=addressbook
2025-03-13 09:33:15 [INFO]: Received request: GET /modules?project_name=addressbook
2025-03-13 09:33:17 [INFO]: Received request: GET /modules?project_name=addressbook
2025-03-13 09:33:28 [INFO]: Received request: GET /modules?project_name=adressbook
2025-03-13 09:33:32 [INFO]: Received request: POST /generate
2025-03-13 09:34:05 [INFO]: Received request: GET /modules?project_name=addressbook
2025-03-13 09:34:14 [INFO]: Received request: POST /generate
2025-03-13 09:53:29 [INFO]: Received request: GET /projects
2025-03-13 09:53:29 [INFO]: Received request: GET /projects
2025-03-13 09:53:44 [INFO]: Received request: POST /generate
2025-03-13 09:53:45 [INFO]: Received request: GET /modules?project_name=addressbook
2025-03-13 09:53:53 [INFO]: Received request: GET /modules?project_name=addressbook
2025-03-13 09:54:03 [INFO]: Received request: GET /projects
2025-03-13 09:54:03 [INFO]: Received request: GET /projects
2025-03-13 09:54:17 [INFO]: Received request: GET /modules?project_name=addressbook
2025-03-13 09:54:20 [INFO]: Received request: POST /generate
2025-03-13 09:54:24 [INFO]: Received request: POST /run-script
2025-03-13 11:13:31 [INFO]: Received request: GET /projects
2025-03-13 11:13:32 [INFO]: Received request: GET /projects
2025-03-13 11:16:58 [INFO]: Received request: GET /projects
2025-03-13 11:16:58 [INFO]: Received request: GET /projects
2025-03-13 11:41:45 [INFO]: Received request: GET /projects
2025-03-13 11:41:45 [INFO]: Received request: GET /projects
2025-03-13 11:41:47 [INFO]: Received request: GET /modules?project_name=addressbook
2025-03-13 11:42:06 [INFO]: Received request: GET /projects
2025-03-13 11:42:06 [INFO]: Received request: GET /projects
2025-03-13 11:42:08 [INFO]: Received request: GET /modules?project_name=addressbook
2025-03-13 11:42:10 [INFO]: Received request: POST /run-script
2025-03-13 11:43:14 [INFO]: Received request: GET /projects
2025-03-13 11:43:14 [INFO]: Received request: GET /projects
2025-03-13 11:43:44 [INFO]: Received request: GET /projects
2025-03-13 11:43:44 [INFO]: Received request: GET /projects
2025-03-13 11:43:56 [INFO]: Received request: GET /projects
2025-03-13 11:43:56 [INFO]: Received request: GET /projects
2025-03-13 11:43:57 [INFO]: Received request: GET /modules?project_name=addressbook
2025-03-13 11:44:01 [INFO]: Received request: POST /run-script
2025-03-13 11:44:06 [INFO]: Received request: GET /projects
2025-03-13 11:44:07 [INFO]: Received request: GET /projects
2025-03-13 11:44:08 [INFO]: Received request: GET /modules?project_name=addressbook
2025-03-13 11:44:09 [INFO]: Received request: POST /run-script
2025-03-13 11:44:11 [INFO]: Received request: GET /projects
2025-03-13 11:44:12 [INFO]: Received request: GET /projects
2025-03-13 11:44:29 [INFO]: Received request: GET /modules?project_name=adressbook
2025-03-13 11:44:32 [INFO]: Received request: GET /projects
2025-03-13 11:44:32 [INFO]: Received request: GET /projects
2025-03-13 11:44:34 [INFO]: Received request: GET /modules?project_name=adressbook
2025-03-13 11:44:36 [INFO]: Received request: GET /modules?project_name=adressbook
2025-03-13 11:44:38 [INFO]: Received request: GET /projects
2025-03-13 11:44:39 [INFO]: Received request: GET /projects
2025-03-13 11:44:40 [INFO]: Received request: GET /modules?project_name=addressbook
2025-03-13 11:44:44 [INFO]: Received request: POST /run-script
2025-03-13 11:44:56 [INFO]: Received request: GET /projects
2025-03-13 11:44:57 [INFO]: Received request: GET /projects
2025-03-13 11:44:58 [INFO]: Received request: GET /modules?project_name=addressbook
2025-03-13 11:45:00 [INFO]: Received request: POST /run-script
2025-03-13 11:45:26 [INFO]: Received request: GET /modules?project_name=addressbook
2025-03-13 11:45:28 [INFO]: Received request: POST /run-script
2025-03-13 11:45:45 [INFO]: Received request: GET /projects
2025-03-13 11:45:46 [INFO]: Received request: GET /projects
2025-03-13 11:45:47 [INFO]: Received request: GET /modules?project_name=addressbook
2025-03-13 11:45:51 [INFO]: Received request: POST /run-script
2025-03-13 11:48:07 [INFO]: Received request: GET /projects
2025-03-13 11:48:08 [INFO]: Received request: GET /projects
2025-03-13 11:48:12 [INFO]: Received request: GET /modules?project_name=addressbook
2025-03-13 11:48:14 [INFO]: Received request: POST /run-script
2025-03-13 11:48:48 [INFO]: Received request: GET /projects
2025-03-13 11:48:49 [INFO]: Received request: GET /projects
2025-03-13 11:48:52 [INFO]: Received request: GET /modules?project_name=addressbook
2025-03-13 11:48:54 [INFO]: Received request: POST /run-script
2025-03-13 11:49:11 [INFO]: Received request: GET /projects
2025-03-13 11:49:11 [INFO]: Received request: GET /projects
2025-03-13 11:49:12 [INFO]: Received request: GET /modules?project_name=addressbook
2025-03-13 11:49:14 [INFO]: Received request: POST /run-script
2025-03-13 11:49:37 [INFO]: Received request: GET /download-qa-script/31
2025-03-13 11:51:39 [INFO]: Received request: GET /download-code/31/java
2025-03-13 11:57:57 [INFO]: Received request: GET /projects
2025-03-13 11:57:57 [INFO]: Received request: GET /projects
2025-03-13 12:11:19 [INFO]: Received request: GET /projects
2025-03-13 12:11:19 [INFO]: Received request: GET /projects
2025-03-13 12:19:55 [INFO]: Received request: GET /projects
2025-03-13 12:19:56 [INFO]: Received request: GET /projects
2025-03-13 12:19:58 [INFO]: Received request: GET /modules?project_name=addressbook
2025-03-13 12:20:00 [INFO]: Received request: POST /run-script
2025-03-13 12:23:24 [INFO]: Received request: GET /projects
2025-03-13 12:23:25 [INFO]: Received request: GET /projects
2025-03-13 12:23:29 [INFO]: Received request: GET /modules?project_name=addressbook
2025-03-13 12:23:31 [INFO]: Received request: POST /run-script
2025-03-13 12:23:35 [INFO]: Received request: GET /projects
2025-03-13 12:23:36 [INFO]: Received request: GET /projects
2025-03-13 12:23:37 [INFO]: Received request: GET /modules?project_name=addressbook
2025-03-13 12:23:38 [INFO]: Received request: GET /modules?project_name=addressbook
2025-03-13 12:23:46 [INFO]: Received request: GET /projects
2025-03-13 12:23:46 [INFO]: Received request: GET /projects
2025-03-13 12:24:09 [INFO]: Received request: GET /download-qa-script/31
2025-03-13 12:24:42 [INFO]: Received request: GET /download-code/31/php
2025-03-13 12:24:43 [INFO]: Received request: GET /projects
2025-03-13 12:24:43 [INFO]: Received request: GET /projects
2025-03-13 12:24:59 [INFO]: Received request: GET /modules?project_name=addressbook
2025-03-13 12:25:02 [INFO]: Received request: GET /projects
2025-03-13 12:25:03 [INFO]: Received request: GET /projects
2025-03-13 12:25:13 [INFO]: Received request: POST /run-script
2025-03-13 12:26:45 [INFO]: Received request: GET /download-code/31/php
2025-03-13 12:27:10 [INFO]: Received request: POST /api/generate-insert
2025-03-13 12:27:10 [INFO]: Calling external API for SQL generation
2025-03-13 12:27:10 [ERROR]: Error generating SQL: connect ECONNREFUSED 61.2.142.91:4434
2025-03-13 12:27:46 [INFO]: Received request: GET /modules?project_name=hospital
2025-03-13 12:27:58 [INFO]: Received request: GET /projects
2025-03-13 12:27:58 [INFO]: Received request: GET /projects
2025-03-13 12:28:00 [INFO]: Received request: GET /modules?project_name=hospital
2025-03-13 12:31:03 [INFO]: Received request: GET /projects
2025-03-13 12:31:03 [INFO]: Received request: GET /projects
2025-03-13 12:31:11 [INFO]: Received request: GET /api/aia_module
2025-03-13 12:31:11 [INFO]: Received request: GET /api/aia_project
2025-03-13 12:31:21 [INFO]: Received request: GET /modules?project_name=hotel
2025-03-13 12:31:28 [INFO]: Received request: POST /run-script
2025-03-13 12:31:59 [INFO]: Received request: GET /download-code/21/java
2025-03-13 12:33:50 [INFO]: Received request: GET /projects
2025-03-13 12:33:50 [INFO]: Received request: GET /projects
2025-03-13 13:09:18 [INFO]: Received request: GET /projects
2025-03-13 13:09:19 [INFO]: Received request: GET /projects
2025-03-13 13:09:20 [INFO]: Received request: GET /projects
2025-03-13 13:09:21 [INFO]: Received request: GET /projects
2025-03-13 13:19:50 [INFO]: Received request: GET /projects
2025-03-13 13:19:51 [INFO]: Received request: GET /projects
2025-03-13 13:20:13 [INFO]: Received request: GET /projects
2025-03-13 13:20:13 [INFO]: Received request: GET /projects
2025-03-13 13:20:16 [INFO]: Received request: GET /modules?project_name=addressbook
2025-03-13 13:22:07 [INFO]: Received request: GET /modules?project_name=addressbook
2025-03-13 13:22:09 [INFO]: Received request: POST /run-script
2025-03-13 13:23:51 [INFO]: Received request: GET /projects
2025-03-13 13:23:52 [INFO]: Received request: GET /projects
2025-03-13 13:25:40 [INFO]: Received request: GET /modules?project_name=addressbook
2025-03-13 13:25:43 [INFO]: Received request: GET /modules?project_name=addressbook
2025-03-13 13:25:44 [INFO]: Received request: GET /modules?project_name=addressbook
2025-03-13 13:25:45 [INFO]: Received request: GET /modules?project_name=addressbook
2025-03-13 13:25:45 [INFO]: Received request: GET /modules?project_name=addressbook
2025-03-13 13:25:46 [INFO]: Received request: GET /modules?project_name=addressbook
2025-03-13 13:26:22 [INFO]: Received request: GET /modules?project_name=addressbook
2025-03-13 13:26:46 [INFO]: Received request: POST /run-script
2025-03-13 13:33:24 [INFO]: Received request: GET /download-code/31/django
2025-03-13 13:33:35 [INFO]: Received request: GET /download-code/31/django
2025-03-13 13:34:03 [INFO]: Received request: GET /download-code/33/django
2025-03-13 13:34:41 [INFO]: Received request: GET /download-code/33/django
2025-03-13 13:34:41 [INFO]: Received request: GET /download-code/33/django
2025-03-13 13:34:41 [INFO]: Received request: GET /download-code/33/django
2025-03-13 13:34:41 [INFO]: Received request: GET /download-code/33/django
2025-03-13 13:34:43 [INFO]: Received request: GET /download-qa-script/33
2025-03-13 13:51:54 [INFO]: Received request: GET /download-code/31/django
2025-03-13 13:51:56 [INFO]: Received request: GET /download-code/31/django
2025-03-13 13:51:56 [INFO]: Received request: GET /download-code/31/django
2025-03-13 13:51:56 [INFO]: Received request: GET /download-code/31/django
2025-03-13 13:51:56 [INFO]: Received request: GET /download-code/31/django
2025-03-13 13:51:57 [INFO]: Received request: GET /download-code/31/django
2025-03-13 13:52:02 [INFO]: Received request: GET /modules?project_name=addressbook
2025-03-13 13:52:03 [INFO]: Received request: GET /download-code/31/php
2025-03-13 13:52:45 [INFO]: Received request: GET /modules?project_name=addressbook
2025-03-13 13:52:46 [INFO]: Received request: GET /download-code/31/php
2025-03-13 14:27:57 [INFO]: Received request: GET /modules?project_name=addressbook
2025-03-13 14:27:59 [INFO]: Received request: GET /download-code/31/java
2025-03-13 14:28:03 [INFO]: Received request: GET /modules?project_name=addressbook
2025-03-13 14:28:05 [INFO]: Received request: GET /download-code/31/django
2025-03-13 14:28:06 [INFO]: Received request: GET /download-code/31/django
2025-03-13 14:28:06 [INFO]: Received request: GET /download-code/31/django
2025-03-13 14:54:43 [INFO]: Received request: GET /projects
2025-03-13 14:54:44 [INFO]: Received request: GET /projects
2025-03-13 14:56:08 [INFO]: Received request: GET /projects
2025-03-13 14:56:08 [INFO]: Received request: GET /projects
2025-03-13 14:56:11 [INFO]: Received request: GET /modules?project_name=addressbook
2025-03-13 14:56:34 [INFO]: Received request: POST /api/generate-insert
2025-03-13 14:56:34 [INFO]: Calling external API for SQL generation
2025-03-13 14:56:34 [ERROR]: Error generating SQL: connect ECONNREFUSED 61.2.142.91:4434
2025-03-14 19:15:19 [INFO]: Received request: GET /projects
2025-03-14 19:15:22 [INFO]: Received request: GET /projects
2025-03-14 19:15:22 [INFO]: Received request: GET /projects
2025-03-14 19:16:36 [INFO]: Received request: GET /projects
2025-03-14 19:33:38 [INFO]: Received request: GET /projects
2025-03-14 19:35:04 [INFO]: Received request: POST /generate
2025-03-14 19:35:12 [INFO]: Received request: GET /modules?project_name=addressbook
2025-03-14 19:38:06 [INFO]: Received request: GET /projects
2025-03-14 19:39:05 [INFO]: Received request: GET /modules?project_name=addressbook
2025-03-14 19:39:09 [INFO]: Received request: POST /run-script
2025-03-14 19:39:18 [INFO]: Received request: POST /generate
2025-03-14 19:41:04 [INFO]: Received request: GET /modules?project_name=addressbook
2025-03-14 19:41:22 [INFO]: Received request: GET /modules?project_name=addressbook
2025-03-14 19:41:37 [INFO]: Received request: POST /run-script
2025-03-14 19:42:39 [INFO]: Received request: GET /download-code/31/php
2025-03-14 19:42:47 [INFO]: Received request: GET /download-qa-script/31
2025-03-14 19:44:08 [INFO]: Received request: GET /modules?project_name=addressbook
2025-03-14 19:44:10 [INFO]: Received request: POST /generate
2025-03-14 19:44:23 [INFO]: Received request: GET /modules?project_name=addressbook
2025-03-14 19:44:35 [INFO]: Received request: POST /generate
2025-03-14 19:45:27 [INFO]: Received request: POST /run-script
2025-03-14 19:45:35 [INFO]: Received request: GET /modules?project_name=addressbook
2025-03-14 19:45:38 [INFO]: Received request: POST /run-script
2025-03-14 19:45:56 [INFO]: Received request: POST /generate
2025-03-14 19:46:03 [INFO]: Received request: POST /run-script
2025-03-14 19:46:05 [INFO]: Received request: POST /generate
2025-03-14 19:46:16 [INFO]: Received request: GET /projects
2025-03-14 19:46:21 [INFO]: Received request: GET /modules?project_name=addressbook
2025-03-14 19:46:28 [INFO]: Received request: GET /projects
2025-03-14 19:46:28 [INFO]: Received request: GET /projects
2025-03-14 19:46:33 [INFO]: Received request: GET /modules?project_name=addressbook
2025-03-14 19:46:43 [INFO]: Received request: GET /modules?project_name=addressbook
2025-03-14 19:46:52 [INFO]: Received request: GET /projects
2025-03-14 19:46:54 [INFO]: Received request: GET /projects
2025-03-14 19:46:56 [INFO]: Received request: GET /modules?project_name=addressbook
2025-03-14 19:47:07 [INFO]: Received request: POST /run-script
2025-03-14 19:47:53 [INFO]: Received request: GET /download-code/31/django
2025-03-14 19:52:25 [INFO]: Received request: GET /projects
2025-03-14 19:52:28 [INFO]: Received request: GET /modules?project_name=addressbook
2025-03-14 19:52:43 [INFO]: Received request: GET /projects
2025-03-14 19:53:38 [INFO]: Received request: GET /download-code/31/django
2025-03-14 19:53:49 [INFO]: Received request: GET /download-code/31/django
2025-03-14 19:53:51 [INFO]: Received request: GET /download-code/31/django
2025-03-14 19:53:54 [INFO]: Received request: GET /download-code/31/django
2025-03-14 19:53:57 [INFO]: Received request: GET /download-code/31/django
2025-03-14 19:54:03 [INFO]: Received request: GET /download-code/32/django
2025-03-14 19:58:36 [INFO]: Received request: GET /projects
2025-03-14 19:58:37 [INFO]: Received request: GET /projects
2025-03-14 20:10:16 [INFO]: Received request: GET /projects
2025-03-14 20:10:17 [INFO]: Received request: GET /projects
2025-03-14 20:13:32 [INFO]: Received request: GET /projects
2025-03-14 20:13:33 [INFO]: Received request: GET /projects
2025-03-14 20:13:38 [INFO]: Received request: GET /modules?project_name=addressbook
2025-03-14 20:13:40 [INFO]: Received request: POST /run-script
2025-03-14 20:18:03 [INFO]: Received request: GET /download-code/32/php
2025-03-14 20:18:04 [INFO]: Received request: GET /download-qa-script/32
2025-03-14 20:41:13 [INFO]: Received request: GET /projects
2025-03-14 20:44:01 [INFO]: Received request: GET /projects
2025-03-14 20:46:38 [INFO]: Received request: GET /projects
2025-03-14 20:46:50 [INFO]: Received request: GET /projects
2025-03-14 20:48:42 [INFO]: Received request: GET /projects
2025-03-14 20:50:12 [INFO]: Received request: GET /projects
2025-03-14 20:50:16 [INFO]: Received request: GET /projects
2025-03-14 20:50:23 [INFO]: Received request: GET /projects
2025-03-14 20:51:52 [INFO]: Received request: GET /projects
2025-03-14 21:07:56 [INFO]: Received request: GET /projects
2025-03-14 21:07:56 [INFO]: Received request: GET /projects
2025-03-14 21:08:01 [INFO]: Received request: GET /projects
2025-03-14 21:08:02 [INFO]: Received request: GET /projects
2025-03-14 21:08:08 [INFO]: Received request: GET /projects
2025-03-14 21:08:09 [INFO]: Received request: GET /projects
2025-03-14 21:09:29 [INFO]: Received request: GET /projects
2025-03-14 21:09:34 [INFO]: Received request: GET /modules?project_name=addressbook
2025-03-14 21:09:37 [INFO]: Received request: POST /run-script
2025-03-14 21:11:00 [INFO]: Received request: GET /projects
2025-03-14 21:11:09 [INFO]: Received request: GET /modules?project_name=addressbook
2025-03-14 21:11:30 [INFO]: Received request: GET /projects
2025-03-14 21:11:34 [INFO]: Received request: GET /projects
2025-03-14 21:11:39 [INFO]: Received request: GET /modules?project_name=addressbook
2025-03-14 21:11:57 [INFO]: Received request: POST /run-script
2025-03-14 21:12:01 [INFO]: Received request: POST /generate
2025-03-14 21:12:04 [INFO]: Received request: POST /run-script
2025-03-14 21:12:07 [INFO]: Received request: POST /generate
2025-03-14 21:12:21 [INFO]: Received request: GET /download-code/31/php
2025-03-14 21:14:48 [INFO]: Received request: GET /projects
2025-03-14 21:16:26 [INFO]: Received request: GET /modules?project_name=addressbook
2025-03-14 21:16:39 [INFO]: Received request: POST /run-script
2025-03-14 21:16:58 [INFO]: Received request: GET /download-code/31/php
2025-03-14 21:17:05 [INFO]: Received request: GET /download-qa-script/31
2025-03-14 21:35:12 [INFO]: Received request: GET /projects
2025-03-14 21:35:18 [INFO]: Received request: GET /modules?project_name=addressbook
2025-03-14 21:35:21 [INFO]: Received request: POST /run-script
2025-03-14 21:46:17 [INFO]: Received request: GET /projects
2025-03-14 21:47:21 [INFO]: Received request: GET /projects
2025-03-14 21:47:21 [INFO]: Received request: GET /projects
2025-03-14 21:47:25 [INFO]: Received request: GET /modules?project_name=addressbook
2025-03-14 21:47:28 [INFO]: Received request: POST /run-script
2025-03-14 21:48:00 [INFO]: Received request: GET /projects
2025-03-14 21:48:01 [INFO]: Received request: GET /projects
2025-03-14 21:48:39 [INFO]: Received request: GET /projects
2025-03-14 21:48:39 [INFO]: Received request: GET /projects
2025-03-14 21:48:43 [INFO]: Received request: GET /modules?project_name=addressbook
2025-03-14 21:49:05 [INFO]: Received request: POST /run-script
2025-03-14 21:54:00 [INFO]: Received request: GET /projects
2025-03-14 21:54:01 [INFO]: Received request: GET /projects
2025-03-14 21:54:08 [INFO]: Received request: GET /modules?project_name=addressbook
2025-03-14 21:54:10 [INFO]: Received request: POST /run-script
2025-03-14 21:58:47 [INFO]: Received request: GET /projects
2025-03-14 21:58:47 [INFO]: Received request: GET /projects
2025-03-14 21:59:07 [INFO]: Received request: GET /projects
2025-03-14 21:59:08 [INFO]: Received request: GET /projects
2025-03-14 22:09:33 [INFO]: Received request: GET /projects
2025-03-14 22:09:33 [INFO]: Received request: GET /projects
2025-03-14 22:09:37 [INFO]: Received request: GET /projects
2025-03-14 22:09:38 [INFO]: Received request: GET /projects
2025-03-14 22:09:43 [INFO]: Received request: GET /modules?project_name=addressbook
2025-03-14 22:09:46 [INFO]: Received request: POST /run-script
2025-03-15 00:00:04 [INFO]: Received request: GET /projects
2025-03-15 00:00:04 [INFO]: Received request: GET /projects
2025-03-15 00:00:04 [INFO]: Received request: GET /projects
2025-03-15 00:00:22 [INFO]: Received request: GET /projects
2025-03-15 00:00:25 [INFO]: Received request: GET /modules?project_name=addressbook
2025-03-15 00:00:27 [INFO]: Received request: POST /run-script
2025-03-15 09:09:43 [INFO]: Received request: GET /projects
2025-03-15 09:19:59 [INFO]: Received request: GET /projects
2025-03-15 09:20:02 [INFO]: Received request: GET /modules?project_name=addressbook
2025-03-15 09:20:09 [INFO]: Received request: GET /projects
2025-03-15 09:20:09 [INFO]: Received request: GET /projects
2025-03-15 09:24:36 [INFO]: Received request: POST /run-script
2025-03-15 09:26:57 [INFO]: Received request: GET /projects
2025-03-15 09:27:04 [INFO]: Received request: GET /modules?project_name=addressbook
2025-03-15 09:27:08 [INFO]: Received request: POST /run-script
2025-03-15 09:30:29 [INFO]: Received request: GET /projects
2025-03-15 10:48:14 [INFO]: Received request: GET /projects
2025-03-15 10:48:15 [INFO]: Received request: GET /projects
2025-03-15 10:51:42 [INFO]: Received request: GET /projects
2025-03-15 10:55:24 [INFO]: Received request: GET /projects
2025-03-15 10:55:41 [INFO]: Received request: GET /modules?project_name=addressbook
2025-03-15 10:55:43 [INFO]: Received request: POST /run-script
2025-03-15 10:56:24 [INFO]: Received request: POST /run-script
2025-03-15 11:05:34 [INFO]: Received request: GET /projects
2025-03-15 11:16:23 [INFO]: Received request: POST /generate
2025-03-15 11:16:52 [INFO]: Received request: GET /projects
2025-03-15 11:16:52 [INFO]: Received request: GET /projects
2025-03-15 11:49:03 [INFO]: Received request: GET /modules?project_name=addressbook
2025-03-15 11:49:19 [INFO]: Received request: POST /run-script
2025-03-15 12:10:35 [INFO]: Received request: GET /modules?project_name=addressbook
2025-03-15 13:02:56 [INFO]: Received request: GET /projects
2025-03-15 13:02:57 [INFO]: Received request: GET /projects
2025-03-15 13:02:57 [INFO]: Received request: GET /projects
2025-03-15 13:59:07 [INFO]: Received request: GET /projects
2025-03-15 13:59:08 [INFO]: Received request: GET /projects
2025-03-15 13:59:09 [INFO]: Received request: GET /projects
2025-03-15 14:04:11 [INFO]: Received request: GET /projects
2025-03-15 14:04:11 [INFO]: Received request: GET /projects
2025-03-15 14:04:17 [INFO]: Received request: GET /modules?project_name=addressbook
2025-03-15 14:04:20 [INFO]: Received request: POST /run-script
2025-03-15 14:17:37 [INFO]: Received request: GET /modules?project_name=addressbook
2025-03-15 14:17:53 [INFO]: Received request: GET /download-code/31/php
2025-03-15 15:01:35 [INFO]: Received request: GET /projects
2025-03-15 15:06:19 [INFO]: Received request: GET /projects
2025-03-15 15:06:20 [INFO]: Received request: GET /projects
2025-03-15 16:32:04 [INFO]: Received request: GET /projects
2025-03-15 16:35:10 [INFO]: Received request: GET /projects
2025-03-15 17:06:14 [INFO]: Received request: GET /projects
2025-03-15 17:06:14 [INFO]: Received request: GET /projects
2025-03-15 17:15:50 [INFO]: Received request: GET /projects
2025-03-15 17:15:50 [INFO]: Received request: GET /projects
2025-03-15 17:26:13 [INFO]: Received request: GET /projects
2025-03-15 17:26:13 [INFO]: Received request: GET /projects
2025-03-15 17:26:17 [INFO]: Received request: GET /projects
2025-03-15 17:30:30 [INFO]: Received request: GET /modules?project_name=addressbook
2025-03-15 17:30:33 [INFO]: Received request: POST /run-script
2025-03-15 17:31:25 [INFO]: Received request: POST /run-script
2025-03-15 17:31:33 [INFO]: Received request: GET /projects
2025-03-15 17:31:34 [INFO]: Received request: GET /projects
2025-03-15 17:31:38 [INFO]: Received request: GET /modules?project_name=addressbook
2025-03-15 17:31:41 [INFO]: Received request: GET /download-code/31/undefined
2025-03-15 17:31:44 [INFO]: Received request: GET /download-code/31/undefined
2025-03-15 17:31:52 [INFO]: Received request: POST /run-script
2025-03-15 17:32:27 [INFO]: Received request: GET /download-code/31/php
2025-03-15 17:33:04 [INFO]: Received request: GET /download-qa-script/31
2025-03-15 17:40:29 [INFO]: Received request: GET /projects
2025-03-15 17:40:29 [INFO]: Received request: GET /projects
2025-03-15 17:40:32 [INFO]: Received request: GET /modules?project_name=addressbook
2025-03-15 17:40:35 [INFO]: Received request: GET /modules?project_name=hotel
2025-03-15 17:40:37 [INFO]: Received request: POST /run-script
2025-03-15 17:40:49 [INFO]: Received request: POST /run-script
2025-03-15 17:40:57 [INFO]: Received request: GET /download-code/21/php
2025-03-15 17:41:02 [INFO]: Received request: GET /download-code/21/php
2025-03-15 17:41:03 [INFO]: Received request: GET /download-code/21/php
2025-03-15 17:41:03 [INFO]: Received request: GET /download-code/21/php
2025-03-15 17:41:04 [INFO]: Received request: GET /download-code/21/php
2025-03-15 17:41:04 [INFO]: Received request: GET /download-code/21/php
2025-03-15 17:41:04 [INFO]: Received request: GET /download-code/21/php
2025-03-15 17:41:05 [INFO]: Received request: GET /download-qa-script/21
2025-03-15 17:41:05 [INFO]: Received request: GET /download-qa-script/21
2025-03-15 17:41:06 [INFO]: Received request: GET /download-qa-script/21
2025-03-15 17:41:06 [INFO]: Received request: GET /download-qa-script/21
2025-03-15 17:41:06 [INFO]: Received request: GET /download-qa-script/21
2025-03-15 17:41:14 [INFO]: Received request: GET /download-code/21/php
2025-03-15 17:43:49 [INFO]: Received request: GET /projects
2025-03-15 17:43:49 [INFO]: Received request: GET /projects
2025-03-15 17:43:53 [INFO]: Received request: GET /modules?project_name=hospital
2025-03-15 17:43:58 [INFO]: Received request: GET /modules?project_name=hotel
2025-03-15 17:44:00 [INFO]: Received request: GET /download-code/21/undefined
2025-03-15 17:44:12 [INFO]: Received request: GET /modules?project_name=adressbook
2025-03-15 17:44:15 [INFO]: Received request: GET /modules?project_name=hospital
2025-03-15 17:44:16 [INFO]: Received request: GET /modules?project_name=hotel
2025-03-15 17:44:25 [INFO]: Received request: POST /run-script
2025-03-15 17:44:36 [INFO]: Received request: GET /download-code/21/php
2025-03-15 17:45:59 [INFO]: Received request: GET /download-code/21/php
2025-03-15 17:46:00 [INFO]: Received request: GET /download-code/21/php
2025-03-15 17:46:00 [INFO]: Received request: GET /download-code/21/php
2025-03-15 17:46:00 [INFO]: Received request: GET /download-code/21/php
2025-03-15 17:46:00 [INFO]: Received request: GET /download-code/21/php
2025-03-15 17:46:00 [INFO]: Received request: GET /download-code/21/php
2025-03-15 17:46:00 [INFO]: Received request: GET /download-code/21/php
2025-03-15 17:46:00 [INFO]: Received request: GET /download-code/21/php
2025-03-15 17:46:01 [INFO]: Received request: GET /download-code/21/php
2025-03-15 17:46:01 [INFO]: Received request: GET /download-code/21/php
2025-03-15 17:46:01 [INFO]: Received request: GET /download-code/21/php
2025-03-15 17:46:01 [INFO]: Received request: GET /download-code/21/php
2025-03-15 17:46:01 [INFO]: Received request: GET /download-code/21/php
2025-03-15 17:46:01 [INFO]: Received request: GET /download-code/21/php
2025-03-15 17:46:02 [INFO]: Received request: GET /download-code/21/php
2025-03-15 17:46:02 [INFO]: Received request: GET /download-code/21/php
2025-03-15 17:46:02 [INFO]: Received request: GET /download-code/21/php
2025-03-15 17:46:14 [INFO]: Received request: GET /modules?project_name=hospital
2025-03-15 17:46:16 [INFO]: Received request: GET /download-code/11/php
2025-03-15 17:46:27 [INFO]: Received request: GET /modules?project_name=hotel
2025-03-15 17:46:28 [INFO]: Received request: POST /run-script
2025-03-15 17:46:50 [INFO]: Received request: GET /download-code/21/php
2025-03-15 17:47:01 [INFO]: Received request: GET /download-code/21/php
2025-03-15 17:47:10 [INFO]: Received request: GET /download-qa-script/21
2025-03-15 17:47:15 [INFO]: Received request: GET /download-code/21/php
2025-03-15 17:49:52 [INFO]: Received request: GET /projects
2025-03-15 17:49:52 [INFO]: Received request: GET /projects
2025-03-15 17:49:57 [INFO]: Received request: GET /modules?project_name=addressbook
2025-03-15 17:50:01 [INFO]: Received request: GET /modules?project_name=hospital
2025-03-15 17:50:03 [INFO]: Received request: POST /run-script
2025-03-15 17:50:17 [INFO]: Received request: GET /download-code/11/php
2025-03-15 17:50:25 [INFO]: Received request: GET /download-qa-script/11
2025-03-15 17:50:38 [INFO]: Received request: GET /download-qa-script/11
2025-03-15 17:51:56 [INFO]: Received request: GET /projects
2025-03-15 17:51:57 [INFO]: Received request: GET /projects
2025-03-15 17:55:01 [INFO]: Received request: GET /modules?project_name=addressbook
